# JRE version: OpenJDK Runtime Environment (8.0_242-b01) (build 1.8.0_242-release-1644-b01)
# Java VM: OpenJDK 64-Bit Server VM (25.242-b01 mixed mode windows-amd64 compressed oops)
Heap:
 PSYoungGen      total 511488K, used 394236K [0x00000000d5580000, 0x00000000fb700000, 0x0000000100000000)
  eden space 474624K, 80% used [0x00000000d5580000,0x00000000ecb7f1b8,0x00000000f2500000)
  from space 36864K, 30% used [0x00000000f2500000,0x00000000f3000000,0x00000000f4900000)
  to   space 34816K, 0% used [0x00000000f9500000,0x00000000f9500000,0x00000000fb700000)
 ParOldGen       total 173568K, used 95857K [0x0000000080000000, 0x000000008a980000, 0x00000000d5580000)
  object space 173568K, 55% used [0x0000000080000000,0x0000000085d9c6a8,0x000000008a980000)
 Metaspace       used 77143K, capacity 80386K, committed 82200K, reserved 1120256K
  class space    used 10426K, capacity 11134K, committed 11560K, reserved 1048576K
GC Heap History (10 events):
Event: 13.809 GC heap before
{Heap before GC invocations=17 (full 3):
 PSYoungGen      total 298496K, used 298488K [0x00000000d5580000, 0x00000000f1180000, 0x0000000100000000)
  eden space 275456K, 100% used [0x00000000d5580000,0x00000000e6280000,0x00000000e6280000)
  from space 23040K, 99% used [0x00000000e6280000,0x00000000e78fe1a8,0x00000000e7900000)
  to   space 37888K, 0% used [0x00000000eec80000,0x00000000eec80000,0x00000000f1180000)
 ParOldGen       total 92160K, used 68789K [0x0000000080000000, 0x0000000085a00000, 0x00000000d5580000)
  object space 92160K, 74% used [0x0000000080000000,0x000000008432d680,0x0000000085a00000)
 Metaspace       used 77124K, capacity 81412K, committed 81688K, reserved 1120256K
  class space    used 10595K, capacity 11459K, committed 11560K, reserved 1048576K
Event: 13.846 GC heap after
Heap after GC invocations=17 (full 3):
 PSYoungGen      total 402432K, used 21373K [0x00000000d5580000, 0x00000000f0a80000, 0x0000000100000000)
  eden space 371712K, 0% used [0x00000000d5580000,0x00000000d5580000,0x00000000ec080000)
  from space 30720K, 69% used [0x00000000eec80000,0x00000000f015f6c8,0x00000000f0a80000)
  to   space 37888K, 0% used [0x00000000ec080000,0x00000000ec080000,0x00000000ee580000)
 ParOldGen       total 92160K, used 91307K [0x0000000080000000, 0x0000000085a00000, 0x00000000d5580000)
  object space 92160K, 99% used [0x0000000080000000,0x000000008592ad90,0x0000000085a00000)
 Metaspace       used 77124K, capacity 81412K, committed 81688K, reserved 1120256K
  class space    used 10595K, capacity 11459K, committed 11560K, reserved 1048576K
}
Event: 13.846 GC heap before
{Heap before GC invocations=18 (full 4):
 PSYoungGen      total 402432K, used 21373K [0x00000000d5580000, 0x00000000f0a80000, 0x0000000100000000)
  eden space 371712K, 0% used [0x00000000d5580000,0x00000000d5580000,0x00000000ec080000)
  from space 30720K, 69% used [0x00000000eec80000,0x00000000f015f6c8,0x00000000f0a80000)
  to   space 37888K, 0% used [0x00000000ec080000,0x00000000ec080000,0x00000000ee580000)
 ParOldGen       total 92160K, used 91307K [0x0000000080000000, 0x0000000085a00000, 0x00000000d5580000)
  object space 92160K, 99% used [0x0000000080000000,0x000000008592ad90,0x0000000085a00000)
 Metaspace       used 77124K, capacity 81412K, committed 81688K, reserved 1120256K
  class space    used 10595K, capacity 11459K, committed 11560K, reserved 1048576K
Event: 14.091 GC heap after
Heap after GC invocations=18 (full 4):
 PSYoungGen      total 402432K, used 0K [0x00000000d5580000, 0x00000000f0a80000, 0x0000000100000000)
  eden space 371712K, 0% used [0x00000000d5580000,0x00000000d5580000,0x00000000ec080000)
  from space 30720K, 0% used [0x00000000eec80000,0x00000000eec80000,0x00000000f0a80000)
  to   space 37888K, 0% used [0x00000000ec080000,0x00000000ec080000,0x00000000ee580000)
 ParOldGen       total 173568K, used 90957K [0x0000000080000000, 0x000000008a980000, 0x00000000d5580000)
  object space 173568K, 52% used [0x0000000080000000,0x00000000858d3688,0x000000008a980000)
 Metaspace       used 76511K, capacity 79746K, committed 81688K, reserved 1120256K
  class space    used 10390K, capacity 11094K, committed 11560K, reserved 1048576K
}
Event: 15.614 GC heap before
{Heap before GC invocations=19 (full 4):
 PSYoungGen      total 402432K, used 371712K [0x00000000d5580000, 0x00000000f0a80000, 0x0000000100000000)
  eden space 371712K, 100% used [0x00000000d5580000,0x00000000ec080000,0x00000000ec080000)
  from space 30720K, 0% used [0x00000000eec80000,0x00000000eec80000,0x00000000f0a80000)
  to   space 37888K, 0% used [0x00000000ec080000,0x00000000ec080000,0x00000000ee580000)
 ParOldGen       total 173568K, used 90957K [0x0000000080000000, 0x000000008a980000, 0x00000000d5580000)
  object space 173568K, 52% used [0x0000000080000000,0x00000000858d3688,0x000000008a980000)
 Metaspace       used 77000K, capacity 80282K, committed 82200K, reserved 1120256K
  class space    used 10423K, capacity 11130K, committed 11560K, reserved 1048576K
Event: 15.625 GC heap after
Heap after GC invocations=19 (full 4):
 PSYoungGen      total 409600K, used 5120K [0x00000000d5580000, 0x00000000f7700000, 0x0000000100000000)
  eden space 371712K, 0% used [0x00000000d5580000,0x00000000d5580000,0x00000000ec080000)
  from space 37888K, 13% used [0x00000000ec080000,0x00000000ec580000,0x00000000ee580000)
  to   space 37376K, 0% used [0x00000000f5280000,0x00000000f5280000,0x00000000f7700000)
 ParOldGen       total 173568K, used 90965K [0x0000000080000000, 0x000000008a980000, 0x00000000d5580000)
  object space 173568K, 52% used [0x0000000080000000,0x00000000858d5688,0x000000008a980000)
 Metaspace       used 77000K, capacity 80282K, committed 82200K, reserved 1120256K
  class space    used 10423K, capacity 11130K, committed 11560K, reserved 1048576K
}
Event: 16.659 GC heap before
{Heap before GC invocations=20 (full 4):
 PSYoungGen      total 409600K, used 376832K [0x00000000d5580000, 0x00000000f7700000, 0x0000000100000000)
  eden space 371712K, 100% used [0x00000000d5580000,0x00000000ec080000,0x00000000ec080000)
  from space 37888K, 13% used [0x00000000ec080000,0x00000000ec580000,0x00000000ee580000)
  to   space 37376K, 0% used [0x00000000f5280000,0x00000000f5280000,0x00000000f7700000)
 ParOldGen       total 173568K, used 90965K [0x0000000080000000, 0x000000008a980000, 0x00000000d5580000)
  object space 173568K, 52% used [0x0000000080000000,0x00000000858d5688,0x000000008a980000)
 Metaspace       used 77076K, capacity 80368K, committed 82200K, reserved 1120256K
  class space    used 10424K, capacity 11131K, committed 11560K, reserved 1048576K
Event: 16.673 GC heap after
Heap after GC invocations=20 (full 4):
 PSYoungGen      total 501760K, used 5280K [0x00000000d5580000, 0x00000000f6d00000, 0x0000000100000000)
  eden space 474624K, 0% used [0x00000000d5580000,0x00000000d5580000,0x00000000f2500000)
  from space 27136K, 19% used [0x00000000f5280000,0x00000000f57a8000,0x00000000f6d00000)
  to   space 36864K, 0% used [0x00000000f2500000,0x00000000f2500000,0x00000000f4900000)
 ParOldGen       total 173568K, used 95857K [0x0000000080000000, 0x000000008a980000, 0x00000000d5580000)
  object space 173568K, 55% used [0x0000000080000000,0x0000000085d9c6a8,0x000000008a980000)
 Metaspace       used 77076K, capacity 80368K, committed 82200K, reserved 1120256K
  class space    used 10424K, capacity 11131K, committed 11560K, reserved 1048576K
}
Event: 18.000 GC heap before
{Heap before GC invocations=21 (full 4):
 PSYoungGen      total 501760K, used 479904K [0x00000000d5580000, 0x00000000f6d00000, 0x0000000100000000)
  eden space 474624K, 100% used [0x00000000d5580000,0x00000000f2500000,0x00000000f2500000)
  from space 27136K, 19% used [0x00000000f5280000,0x00000000f57a8000,0x00000000f6d00000)
  to   space 36864K, 0% used [0x00000000f2500000,0x00000000f2500000,0x00000000f4900000)
 ParOldGen       total 173568K, used 95857K [0x0000000080000000, 0x000000008a980000, 0x00000000d5580000)
  object space 173568K, 55% used [0x0000000080000000,0x0000000085d9c6a8,0x000000008a980000)
 Metaspace       used 77124K, capacity 80376K, committed 82200K, reserved 1120256K
  class space    used 10424K, capacity 11131K, committed 11560K, reserved 1048576K
Event: 18.017 GC heap after
Heap after GC invocations=21 (full 4):
 PSYoungGen      total 511488K, used 11264K [0x00000000d5580000, 0x00000000fb700000, 0x0000000100000000)
  eden space 474624K, 0% used [0x00000000d5580000,0x00000000d5580000,0x00000000f2500000)
  from space 36864K, 30% used [0x00000000f2500000,0x00000000f3000000,0x00000000f4900000)
  to   space 34816K, 0% used [0x00000000f9500000,0x00000000f9500000,0x00000000fb700000)
 ParOldGen       total 173568K, used 95857K [0x0000000080000000, 0x000000008a980000, 0x00000000d5580000)
  object space 173568K, 55% used [0x0000000080000000,0x0000000085d9c6a8,0x000000008a980000)
 Metaspace       used 77124K, capacity 80376K, committed 82200K, reserved 1120256K
  class space    used 10424K, capacity 11131K, committed 11560K, reserved 1048576K
}

