# JRE version: OpenJDK Runtime Environment (8.0_242-b01) (build 1.8.0_242-release-1644-b01)
# Java VM: OpenJDK 64-Bit Server VM (25.242-b01 mixed mode windows-amd64 compressed oops)
Heap:
 PSYoungGen      total 318464K, used 147590K [0x00000000d5580000, 0x00000000eb780000, 0x0000000100000000)
  eden space 276480K, 53% used [0x00000000d5580000,0x00000000de5a1a30,0x00000000e6380000)
  from space 41984K, 0% used [0x00000000e8e80000,0x00000000e8e80000,0x00000000eb780000)
  to   space 43008K, 0% used [0x00000000e6380000,0x00000000e6380000,0x00000000e8d80000)
 ParOldGen       total 277504K, used 97289K [0x0000000080000000, 0x0000000090f00000, 0x00000000d5580000)
  object space 277504K, 35% used [0x0000000080000000,0x0000000085f02708,0x0000000090f00000)
 Metaspace       used 78711K, capacity 82392K, committed 84760K, reserved 1122304K
  class space    used 10804K, capacity 11575K, committed 12072K, reserved 1048576K
GC Heap History (10 events):
Event: 10.313 GC heap before
{Heap before GC invocations=17 (full 3):
 PSYoungGen      total 197120K, used 194189K [0x00000000d5580000, 0x00000000e4f80000, 0x0000000100000000)
  eden space 178688K, 100% used [0x00000000d5580000,0x00000000e0400000,0x00000000e0400000)
  from space 18432K, 84% used [0x00000000e0400000,0x00000000e1323620,0x00000000e1600000)
  to   space 19968K, 0% used [0x00000000e3c00000,0x00000000e3c00000,0x00000000e4f80000)
 ParOldGen       total 128512K, used 30870K [0x0000000080000000, 0x0000000087d80000, 0x00000000d5580000)
  object space 128512K, 24% used [0x0000000080000000,0x0000000081e25a20,0x0000000087d80000)
 Metaspace       used 69885K, capacity 73534K, committed 73624K, reserved 1112064K
  class space    used 9629K, capacity 10366K, committed 10408K, reserved 1048576K
Event: 10.332 GC heap after
Heap after GC invocations=17 (full 3):
 PSYoungGen      total 229888K, used 19938K [0x00000000d5580000, 0x00000000e5c00000, 0x0000000100000000)
  eden space 209920K, 0% used [0x00000000d5580000,0x00000000d5580000,0x00000000e2280000)
  from space 19968K, 99% used [0x00000000e3c00000,0x00000000e4f78a28,0x00000000e4f80000)
  to   space 26112K, 0% used [0x00000000e2280000,0x00000000e2280000,0x00000000e3c00000)
 ParOldGen       total 128512K, used 40298K [0x0000000080000000, 0x0000000087d80000, 0x00000000d5580000)
  object space 128512K, 31% used [0x0000000080000000,0x000000008275aaa8,0x0000000087d80000)
 Metaspace       used 69885K, capacity 73534K, committed 73624K, reserved 1112064K
  class space    used 9629K, capacity 10366K, committed 10408K, reserved 1048576K
}
Event: 10.784 GC heap before
{Heap before GC invocations=18 (full 3):
 PSYoungGen      total 229888K, used 229858K [0x00000000d5580000, 0x00000000e5c00000, 0x0000000100000000)
  eden space 209920K, 100% used [0x00000000d5580000,0x00000000e2280000,0x00000000e2280000)
  from space 19968K, 99% used [0x00000000e3c00000,0x00000000e4f78a28,0x00000000e4f80000)
  to   space 26112K, 0% used [0x00000000e2280000,0x00000000e2280000,0x00000000e3c00000)
 ParOldGen       total 128512K, used 40301K [0x0000000080000000, 0x0000000087d80000, 0x00000000d5580000)
  object space 128512K, 31% used [0x0000000080000000,0x000000008275b4a0,0x0000000087d80000)
 Metaspace       used 75418K, capacity 79814K, committed 80024K, reserved 1118208K
  class space    used 10508K, capacity 11388K, committed 11432K, reserved 1048576K
Event: 10.829 GC heap after
Heap after GC invocations=18 (full 3):
 PSYoungGen      total 236032K, used 26095K [0x00000000d5580000, 0x00000000eba80000, 0x0000000100000000)
  eden space 209920K, 0% used [0x00000000d5580000,0x00000000d5580000,0x00000000e2280000)
  from space 26112K, 99% used [0x00000000e2280000,0x00000000e3bfbd98,0x00000000e3c00000)
  to   space 45056K, 0% used [0x00000000e8e80000,0x00000000e8e80000,0x00000000eba80000)
 ParOldGen       total 128512K, used 80617K [0x0000000080000000, 0x0000000087d80000, 0x00000000d5580000)
  object space 128512K, 62% used [0x0000000080000000,0x0000000084eba540,0x0000000087d80000)
 Metaspace       used 75418K, capacity 79814K, committed 80024K, reserved 1118208K
  class space    used 10508K, capacity 11388K, committed 11432K, reserved 1048576K
}
Event: 11.612 GC heap before
{Heap before GC invocations=19 (full 3):
 PSYoungGen      total 236032K, used 236015K [0x00000000d5580000, 0x00000000eba80000, 0x0000000100000000)
  eden space 209920K, 100% used [0x00000000d5580000,0x00000000e2280000,0x00000000e2280000)
  from space 26112K, 99% used [0x00000000e2280000,0x00000000e3bfbd98,0x00000000e3c00000)
  to   space 45056K, 0% used [0x00000000e8e80000,0x00000000e8e80000,0x00000000eba80000)
 ParOldGen       total 128512K, used 80617K [0x0000000080000000, 0x0000000087d80000, 0x00000000d5580000)
  object space 128512K, 62% used [0x0000000080000000,0x0000000084eba540,0x0000000087d80000)
 Metaspace       used 79009K, capacity 84094K, committed 84248K, reserved 1122304K
  class space    used 11032K, capacity 12018K, committed 12072K, reserved 1048576K
Event: 11.645 GC heap after
Heap after GC invocations=19 (full 3):
 PSYoungGen      total 318464K, used 13312K [0x00000000d5580000, 0x00000000eb780000, 0x0000000100000000)
  eden space 276480K, 0% used [0x00000000d5580000,0x00000000d5580000,0x00000000e6380000)
  from space 41984K, 31% used [0x00000000e8e80000,0x00000000e9b800d0,0x00000000eb780000)
  to   space 43008K, 0% used [0x00000000e6380000,0x00000000e6380000,0x00000000e8d80000)
 ParOldGen       total 128512K, used 105752K [0x0000000080000000, 0x0000000087d80000, 0x00000000d5580000)
  object space 128512K, 82% used [0x0000000080000000,0x00000000867461d0,0x0000000087d80000)
 Metaspace       used 79009K, capacity 84094K, committed 84248K, reserved 1122304K
  class space    used 11032K, capacity 12018K, committed 12072K, reserved 1048576K
}
Event: 11.645 GC heap before
{Heap before GC invocations=20 (full 4):
 PSYoungGen      total 318464K, used 13312K [0x00000000d5580000, 0x00000000eb780000, 0x0000000100000000)
  eden space 276480K, 0% used [0x00000000d5580000,0x00000000d5580000,0x00000000e6380000)
  from space 41984K, 31% used [0x00000000e8e80000,0x00000000e9b800d0,0x00000000eb780000)
  to   space 43008K, 0% used [0x00000000e6380000,0x00000000e6380000,0x00000000e8d80000)
 ParOldGen       total 128512K, used 105752K [0x0000000080000000, 0x0000000087d80000, 0x00000000d5580000)
  object space 128512K, 82% used [0x0000000080000000,0x00000000867461d0,0x0000000087d80000)
 Metaspace       used 79009K, capacity 84094K, committed 84248K, reserved 1122304K
  class space    used 11032K, capacity 12018K, committed 12072K, reserved 1048576K
Event: 11.868 GC heap after
Heap after GC invocations=20 (full 4):
 PSYoungGen      total 318464K, used 0K [0x00000000d5580000, 0x00000000eb780000, 0x0000000100000000)
  eden space 276480K, 0% used [0x00000000d5580000,0x00000000d5580000,0x00000000e6380000)
  from space 41984K, 0% used [0x00000000e8e80000,0x00000000e8e80000,0x00000000eb780000)
  to   space 43008K, 0% used [0x00000000e6380000,0x00000000e6380000,0x00000000e8d80000)
 ParOldGen       total 128512K, used 102595K [0x0000000080000000, 0x0000000087d80000, 0x00000000d5580000)
  object space 128512K, 79% used [0x0000000080000000,0x0000000086430f98,0x0000000087d80000)
 Metaspace       used 78194K, capacity 81892K, committed 84248K, reserved 1122304K
  class space    used 10754K, capacity 11525K, committed 12072K, reserved 1048576K
}
Event: 12.566 GC heap before
{Heap before GC invocations=21 (full 5):
 PSYoungGen      total 318464K, used 276480K [0x00000000d5580000, 0x00000000eb780000, 0x0000000100000000)
  eden space 276480K, 100% used [0x00000000d5580000,0x00000000e6380000,0x00000000e6380000)
  from space 41984K, 0% used [0x00000000e8e80000,0x00000000e8e80000,0x00000000eb780000)
  to   space 43008K, 0% used [0x00000000e6380000,0x00000000e6380000,0x00000000e8d80000)
 ParOldGen       total 128512K, used 102595K [0x0000000080000000, 0x0000000087d80000, 0x00000000d5580000)
  object space 128512K, 79% used [0x0000000080000000,0x0000000086430f98,0x0000000087d80000)
 Metaspace       used 78436K, capacity 82148K, committed 84504K, reserved 1122304K
  class space    used 10785K, capacity 11541K, committed 12072K, reserved 1048576K
Event: 12.785 GC heap after
Heap after GC invocations=21 (full 5):
 PSYoungGen      total 318464K, used 0K [0x00000000d5580000, 0x00000000eb780000, 0x0000000100000000)
  eden space 276480K, 0% used [0x00000000d5580000,0x00000000d5580000,0x00000000e6380000)
  from space 41984K, 0% used [0x00000000e8e80000,0x00000000e8e80000,0x00000000eb780000)
  to   space 43008K, 0% used [0x00000000e6380000,0x00000000e6380000,0x00000000e8d80000)
 ParOldGen       total 277504K, used 97289K [0x0000000080000000, 0x0000000090f00000, 0x00000000d5580000)
  object space 277504K, 35% used [0x0000000080000000,0x0000000085f02708,0x0000000090f00000)
 Metaspace       used 78436K, capacity 82148K, committed 84504K, reserved 1122304K
  class space    used 10785K, capacity 11541K, committed 12072K, reserved 1048576K
}

