# JRE version: OpenJDK Runtime Environment (8.0_242-b01) (build 1.8.0_242-release-1644-b01)
# Java VM: OpenJDK 64-Bit Server VM (25.242-b01 mixed mode windows-amd64 compressed oops)
Heap:
 PSYoungGen      total 423936K, used 343150K [0x00000000d5580000, 0x00000000f1a80000, 0x0000000100000000)
  eden space 384000K, 84% used [0x00000000d5580000,0x00000000e942f780,0x00000000ecc80000)
  from space 39936K, 42% used [0x00000000ecc80000,0x00000000edcec0a0,0x00000000ef380000)
  to   space 37888K, 0% used [0x00000000ef580000,0x00000000ef580000,0x00000000f1a80000)
 ParOldGen       total 195072K, used 99087K [0x0000000080000000, 0x000000008be80000, 0x00000000d5580000)
  object space 195072K, 50% used [0x0000000080000000,0x00000000860c3ea0,0x000000008be80000)
 Metaspace       used 84532K, capacity 88670K, committed 90136K, reserved 1126400K
  class space    used 11394K, capacity 12204K, committed 12584K, reserved 1048576K
GC Heap History (10 events):
Event: 14.584 GC heap before
{Heap before GC invocations=17 (full 3):
 PSYoungGen      total 273920K, used 273317K [0x00000000d5580000, 0x00000000ec100000, 0x0000000100000000)
  eden space 250880K, 100% used [0x00000000d5580000,0x00000000e4a80000,0x00000000e4a80000)
  from space 23040K, 97% used [0x00000000e4a80000,0x00000000e60695a0,0x00000000e6100000)
  to   space 26112K, 0% used [0x00000000ea780000,0x00000000ea780000,0x00000000ec100000)
 ParOldGen       total 102400K, used 49908K [0x0000000080000000, 0x0000000086400000, 0x00000000d5580000)
  object space 102400K, 48% used [0x0000000080000000,0x00000000830bd218,0x0000000086400000)
 Metaspace       used 81071K, capacity 85944K, committed 86168K, reserved 1124352K
  class space    used 11188K, capacity 12129K, committed 12200K, reserved 1048576K
Event: 14.638 GC heap after
Heap after GC invocations=17 (full 3):
 PSYoungGen      total 329216K, used 26104K [0x00000000d5580000, 0x00000000ee680000, 0x0000000100000000)
  eden space 303104K, 0% used [0x00000000d5580000,0x00000000d5580000,0x00000000e7d80000)
  from space 26112K, 99% used [0x00000000ea780000,0x00000000ec0fe178,0x00000000ec100000)
  to   space 43008K, 0% used [0x00000000e7d80000,0x00000000e7d80000,0x00000000ea780000)
 ParOldGen       total 102400K, used 85107K [0x0000000080000000, 0x0000000086400000, 0x00000000d5580000)
  object space 102400K, 83% used [0x0000000080000000,0x000000008531ce30,0x0000000086400000)
 Metaspace       used 81071K, capacity 85944K, committed 86168K, reserved 1124352K
  class space    used 11188K, capacity 12129K, committed 12200K, reserved 1048576K
}
Event: 14.638 GC heap before
{Heap before GC invocations=18 (full 4):
 PSYoungGen      total 329216K, used 26104K [0x00000000d5580000, 0x00000000ee680000, 0x0000000100000000)
  eden space 303104K, 0% used [0x00000000d5580000,0x00000000d5580000,0x00000000e7d80000)
  from space 26112K, 99% used [0x00000000ea780000,0x00000000ec0fe178,0x00000000ec100000)
  to   space 43008K, 0% used [0x00000000e7d80000,0x00000000e7d80000,0x00000000ea780000)
 ParOldGen       total 102400K, used 85107K [0x0000000080000000, 0x0000000086400000, 0x00000000d5580000)
  object space 102400K, 83% used [0x0000000080000000,0x000000008531ce30,0x0000000086400000)
 Metaspace       used 81071K, capacity 85944K, committed 86168K, reserved 1124352K
  class space    used 11188K, capacity 12129K, committed 12200K, reserved 1048576K
Event: 14.895 GC heap after
Heap after GC invocations=18 (full 4):
 PSYoungGen      total 329216K, used 0K [0x00000000d5580000, 0x00000000ee680000, 0x0000000100000000)
  eden space 303104K, 0% used [0x00000000d5580000,0x00000000d5580000,0x00000000e7d80000)
  from space 26112K, 0% used [0x00000000ea780000,0x00000000ea780000,0x00000000ec100000)
  to   space 43008K, 0% used [0x00000000e7d80000,0x00000000e7d80000,0x00000000ea780000)
 ParOldGen       total 195072K, used 99063K [0x0000000080000000, 0x000000008be80000, 0x00000000d5580000)
  object space 195072K, 50% used [0x0000000080000000,0x00000000860bdea0,0x000000008be80000)
 Metaspace       used 80245K, capacity 83698K, committed 86168K, reserved 1124352K
  class space    used 10908K, capacity 11632K, committed 12200K, reserved 1048576K
}
Event: 16.591 GC heap before
{Heap before GC invocations=19 (full 4):
 PSYoungGen      total 329216K, used 303104K [0x00000000d5580000, 0x00000000ee680000, 0x0000000100000000)
  eden space 303104K, 100% used [0x00000000d5580000,0x00000000e7d80000,0x00000000e7d80000)
  from space 26112K, 0% used [0x00000000ea780000,0x00000000ea780000,0x00000000ec100000)
  to   space 43008K, 0% used [0x00000000e7d80000,0x00000000e7d80000,0x00000000ea780000)
 ParOldGen       total 195072K, used 99063K [0x0000000080000000, 0x000000008be80000, 0x00000000d5580000)
  object space 195072K, 50% used [0x0000000080000000,0x00000000860bdea0,0x000000008be80000)
 Metaspace       used 84013K, capacity 88082K, committed 89624K, reserved 1126400K
  class space    used 11392K, capacity 12202K, committed 12584K, reserved 1048576K
Event: 16.614 GC heap after
Heap after GC invocations=19 (full 4):
 PSYoungGen      total 346112K, used 9942K [0x00000000d5580000, 0x00000000f1e00000, 0x0000000100000000)
  eden space 303104K, 0% used [0x00000000d5580000,0x00000000d5580000,0x00000000e7d80000)
  from space 43008K, 23% used [0x00000000e7d80000,0x00000000e8735b20,0x00000000ea780000)
  to   space 41472K, 0% used [0x00000000ef580000,0x00000000ef580000,0x00000000f1e00000)
 ParOldGen       total 195072K, used 99071K [0x0000000080000000, 0x000000008be80000, 0x00000000d5580000)
  object space 195072K, 50% used [0x0000000080000000,0x00000000860bfea0,0x000000008be80000)
 Metaspace       used 84013K, capacity 88082K, committed 89624K, reserved 1126400K
  class space    used 11392K, capacity 12202K, committed 12584K, reserved 1048576K
}
Event: 17.628 GC heap before
{Heap before GC invocations=20 (full 4):
 PSYoungGen      total 346112K, used 313046K [0x00000000d5580000, 0x00000000f1e00000, 0x0000000100000000)
  eden space 303104K, 100% used [0x00000000d5580000,0x00000000e7d80000,0x00000000e7d80000)
  from space 43008K, 23% used [0x00000000e7d80000,0x00000000e8735b20,0x00000000ea780000)
  to   space 41472K, 0% used [0x00000000ef580000,0x00000000ef580000,0x00000000f1e00000)
 ParOldGen       total 195072K, used 99071K [0x0000000080000000, 0x000000008be80000, 0x00000000d5580000)
  object space 195072K, 50% used [0x0000000080000000,0x00000000860bfea0,0x000000008be80000)
 Metaspace       used 84435K, capacity 88514K, committed 89880K, reserved 1126400K
  class space    used 11393K, capacity 12204K, committed 12584K, reserved 1048576K
Event: 17.659 GC heap after
Heap after GC invocations=20 (full 4):
 PSYoungGen      total 421888K, used 12166K [0x00000000d5580000, 0x00000000f1a80000, 0x0000000100000000)
  eden space 384000K, 0% used [0x00000000d5580000,0x00000000d5580000,0x00000000ecc80000)
  from space 37888K, 32% used [0x00000000ef580000,0x00000000f0161968,0x00000000f1a80000)
  to   space 39936K, 0% used [0x00000000ecc80000,0x00000000ecc80000,0x00000000ef380000)
 ParOldGen       total 195072K, used 99079K [0x0000000080000000, 0x000000008be80000, 0x00000000d5580000)
  object space 195072K, 50% used [0x0000000080000000,0x00000000860c1ea0,0x000000008be80000)
 Metaspace       used 84435K, capacity 88514K, committed 89880K, reserved 1126400K
  class space    used 11393K, capacity 12204K, committed 12584K, reserved 1048576K
}
Event: 18.872 GC heap before
{Heap before GC invocations=21 (full 4):
 PSYoungGen      total 421888K, used 396166K [0x00000000d5580000, 0x00000000f1a80000, 0x0000000100000000)
  eden space 384000K, 100% used [0x00000000d5580000,0x00000000ecc80000,0x00000000ecc80000)
  from space 37888K, 32% used [0x00000000ef580000,0x00000000f0161968,0x00000000f1a80000)
  to   space 39936K, 0% used [0x00000000ecc80000,0x00000000ecc80000,0x00000000ef380000)
 ParOldGen       total 195072K, used 99079K [0x0000000080000000, 0x000000008be80000, 0x00000000d5580000)
  object space 195072K, 50% used [0x0000000080000000,0x00000000860c1ea0,0x000000008be80000)
 Metaspace       used 84510K, capacity 88602K, committed 89880K, reserved 1126400K
  class space    used 11393K, capacity 12204K, committed 12584K, reserved 1048576K
Event: 18.901 GC heap after
Heap after GC invocations=21 (full 4):
 PSYoungGen      total 423936K, used 16816K [0x00000000d5580000, 0x00000000f1a80000, 0x0000000100000000)
  eden space 384000K, 0% used [0x00000000d5580000,0x00000000d5580000,0x00000000ecc80000)
  from space 39936K, 42% used [0x00000000ecc80000,0x00000000edcec0a0,0x00000000ef380000)
  to   space 37888K, 0% used [0x00000000ef580000,0x00000000ef580000,0x00000000f1a80000)
 ParOldGen       total 195072K, used 99087K [0x0000000080000000, 0x000000008be80000, 0x00000000d5580000)
  object space 195072K, 50% used [0x0000000080000000,0x00000000860c3ea0,0x000000008be80000)
 Metaspace       used 84510K, capacity 88602K, committed 89880K, reserved 1126400K
  class space    used 11393K, capacity 12204K, committed 12584K, reserved 1048576K
}

