# JRE version: OpenJDK Runtime Environment (8.0_242-b01) (build 1.8.0_242-release-1644-b01)
# Java VM: OpenJDK 64-Bit Server VM (25.242-b01 mixed mode windows-amd64 compressed oops)
Heap:
 PSYoungGen      total 352768K, used 159996K [0x00000000d5580000, 0x00000000f0680000, 0x0000000100000000)
  eden space 316928K, 50% used [0x00000000d5580000,0x00000000df1bf390,0x00000000e8b00000)
  from space 35840K, 0% used [0x00000000ebe80000,0x00000000ebe80000,0x00000000ee180000)
  to   space 52736K, 0% used [0x00000000e8b00000,0x00000000e8b00000,0x00000000ebe80000)
 ParOldGen       total 99328K, used 95636K [0x0000000080000000, 0x0000000086100000, 0x00000000d5580000)
  object space 99328K, 96% used [0x0000000080000000,0x0000000085d653f8,0x0000000086100000)
 Metaspace       used 82891K, capacity 86996K, committed 88856K, reserved 1126400K
  class space    used 11224K, capacity 12025K, committed 12584K, reserved 1048576K
GC Heap History (10 events):
Event: 24.119 GC heap before
{Heap before GC invocations=32 (full 18):
 PSYoungGen      total 352768K, used 316928K [0x00000000d5580000, 0x00000000f0680000, 0x0000000100000000)
  eden space 316928K, 100% used [0x00000000d5580000,0x00000000e8b00000,0x00000000e8b00000)
  from space 35840K, 0% used [0x00000000ebe80000,0x00000000ebe80000,0x00000000ee180000)
  to   space 52736K, 0% used [0x00000000e8b00000,0x00000000e8b00000,0x00000000ebe80000)
 ParOldGen       total 99328K, used 99017K [0x0000000080000000, 0x0000000086100000, 0x00000000d5580000)
  object space 99328K, 99% used [0x0000000080000000,0x00000000860b25d0,0x0000000086100000)
 Metaspace       used 82710K, capacity 86826K, committed 88856K, reserved 1126400K
  class space    used 11222K, capacity 12024K, committed 12584K, reserved 1048576K
Event: 24.567 GC heap after
Heap after GC invocations=32 (full 18):
 PSYoungGen      total 352768K, used 1434K [0x00000000d5580000, 0x00000000f0680000, 0x0000000100000000)
  eden space 316928K, 0% used [0x00000000d5580000,0x00000000d56e6af8,0x00000000e8b00000)
  from space 35840K, 0% used [0x00000000ebe80000,0x00000000ebe80000,0x00000000ee180000)
  to   space 52736K, 0% used [0x00000000e8b00000,0x00000000e8b00000,0x00000000ebe80000)
 ParOldGen       total 99328K, used 99271K [0x0000000080000000, 0x0000000086100000, 0x00000000d5580000)
  object space 99328K, 99% used [0x0000000080000000,0x00000000860f1d10,0x0000000086100000)
 Metaspace       used 82710K, capacity 86826K, committed 88856K, reserved 1126400K
  class space    used 11222K, capacity 12024K, committed 12584K, reserved 1048576K
}
Event: 25.033 GC heap before
{Heap before GC invocations=33 (full 19):
 PSYoungGen      total 352768K, used 316928K [0x00000000d5580000, 0x00000000f0680000, 0x0000000100000000)
  eden space 316928K, 100% used [0x00000000d5580000,0x00000000e8b00000,0x00000000e8b00000)
  from space 35840K, 0% used [0x00000000ebe80000,0x00000000ebe80000,0x00000000ee180000)
  to   space 52736K, 0% used [0x00000000e8b00000,0x00000000e8b00000,0x00000000ebe80000)
 ParOldGen       total 99328K, used 99271K [0x0000000080000000, 0x0000000086100000, 0x00000000d5580000)
  object space 99328K, 99% used [0x0000000080000000,0x00000000860f1d10,0x0000000086100000)
 Metaspace       used 82755K, capacity 86898K, committed 88856K, reserved 1126400K
  class space    used 11223K, capacity 12024K, committed 12584K, reserved 1048576K
Event: 25.290 GC heap after
Heap after GC invocations=33 (full 19):
 PSYoungGen      total 352768K, used 0K [0x00000000d5580000, 0x00000000f0680000, 0x0000000100000000)
  eden space 316928K, 0% used [0x00000000d5580000,0x00000000d5580000,0x00000000e8b00000)
  from space 35840K, 0% used [0x00000000ebe80000,0x00000000ebe80000,0x00000000ee180000)
  to   space 52736K, 0% used [0x00000000e8b00000,0x00000000e8b00000,0x00000000ebe80000)
 ParOldGen       total 99328K, used 90394K [0x0000000080000000, 0x0000000086100000, 0x00000000d5580000)
  object space 99328K, 91% used [0x0000000080000000,0x0000000085846a28,0x0000000086100000)
 Metaspace       used 82755K, capacity 86898K, committed 88856K, reserved 1126400K
  class space    used 11223K, capacity 12024K, committed 12584K, reserved 1048576K
}
Event: 25.791 GC heap before
{Heap before GC invocations=34 (full 20):
 PSYoungGen      total 352768K, used 316928K [0x00000000d5580000, 0x00000000f0680000, 0x0000000100000000)
  eden space 316928K, 100% used [0x00000000d5580000,0x00000000e8b00000,0x00000000e8b00000)
  from space 35840K, 0% used [0x00000000ebe80000,0x00000000ebe80000,0x00000000ee180000)
  to   space 52736K, 0% used [0x00000000e8b00000,0x00000000e8b00000,0x00000000ebe80000)
 ParOldGen       total 99328K, used 90394K [0x0000000080000000, 0x0000000086100000, 0x00000000d5580000)
  object space 99328K, 91% used [0x0000000080000000,0x0000000085846a28,0x0000000086100000)
 Metaspace       used 82804K, capacity 86914K, committed 88856K, reserved 1126400K
  class space    used 11223K, capacity 12024K, committed 12584K, reserved 1048576K
Event: 26.119 GC heap after
Heap after GC invocations=34 (full 20):
 PSYoungGen      total 352768K, used 0K [0x00000000d5580000, 0x00000000f0680000, 0x0000000100000000)
  eden space 316928K, 0% used [0x00000000d5580000,0x00000000d5580000,0x00000000e8b00000)
  from space 35840K, 0% used [0x00000000ebe80000,0x00000000ebe80000,0x00000000ee180000)
  to   space 52736K, 0% used [0x00000000e8b00000,0x00000000e8b00000,0x00000000ebe80000)
 ParOldGen       total 99328K, used 91443K [0x0000000080000000, 0x0000000086100000, 0x00000000d5580000)
  object space 99328K, 92% used [0x0000000080000000,0x000000008594cef0,0x0000000086100000)
 Metaspace       used 82804K, capacity 86914K, committed 88856K, reserved 1126400K
  class space    used 11223K, capacity 12024K, committed 12584K, reserved 1048576K
}
Event: 26.608 GC heap before
{Heap before GC invocations=35 (full 21):
 PSYoungGen      total 352768K, used 316928K [0x00000000d5580000, 0x00000000f0680000, 0x0000000100000000)
  eden space 316928K, 100% used [0x00000000d5580000,0x00000000e8b00000,0x00000000e8b00000)
  from space 35840K, 0% used [0x00000000ebe80000,0x00000000ebe80000,0x00000000ee180000)
  to   space 52736K, 0% used [0x00000000e8b00000,0x00000000e8b00000,0x00000000ebe80000)
 ParOldGen       total 99328K, used 91443K [0x0000000080000000, 0x0000000086100000, 0x00000000d5580000)
  object space 99328K, 92% used [0x0000000080000000,0x000000008594cef0,0x0000000086100000)
 Metaspace       used 82854K, capacity 86926K, committed 88856K, reserved 1126400K
  class space    used 11223K, capacity 12024K, committed 12584K, reserved 1048576K
Event: 26.860 GC heap after
Heap after GC invocations=35 (full 21):
 PSYoungGen      total 352768K, used 0K [0x00000000d5580000, 0x00000000f0680000, 0x0000000100000000)
  eden space 316928K, 0% used [0x00000000d5580000,0x00000000d5580000,0x00000000e8b00000)
  from space 35840K, 0% used [0x00000000ebe80000,0x00000000ebe80000,0x00000000ee180000)
  to   space 52736K, 0% used [0x00000000e8b00000,0x00000000e8b00000,0x00000000ebe80000)
 ParOldGen       total 99328K, used 87407K [0x0000000080000000, 0x0000000086100000, 0x00000000d5580000)
  object space 99328K, 87% used [0x0000000080000000,0x000000008555beb8,0x0000000086100000)
 Metaspace       used 82854K, capacity 86926K, committed 88856K, reserved 1126400K
  class space    used 11223K, capacity 12024K, committed 12584K, reserved 1048576K
}
Event: 27.378 GC heap before
{Heap before GC invocations=36 (full 22):
 PSYoungGen      total 352768K, used 316928K [0x00000000d5580000, 0x00000000f0680000, 0x0000000100000000)
  eden space 316928K, 100% used [0x00000000d5580000,0x00000000e8b00000,0x00000000e8b00000)
  from space 35840K, 0% used [0x00000000ebe80000,0x00000000ebe80000,0x00000000ee180000)
  to   space 52736K, 0% used [0x00000000e8b00000,0x00000000e8b00000,0x00000000ebe80000)
 ParOldGen       total 99328K, used 87407K [0x0000000080000000, 0x0000000086100000, 0x00000000d5580000)
  object space 99328K, 87% used [0x0000000080000000,0x000000008555beb8,0x0000000086100000)
 Metaspace       used 82884K, capacity 86990K, committed 88856K, reserved 1126400K
  class space    used 11223K, capacity 12024K, committed 12584K, reserved 1048576K
Event: 27.626 GC heap after
Heap after GC invocations=36 (full 22):
 PSYoungGen      total 352768K, used 0K [0x00000000d5580000, 0x00000000f0680000, 0x0000000100000000)
  eden space 316928K, 0% used [0x00000000d5580000,0x00000000d5580000,0x00000000e8b00000)
  from space 35840K, 0% used [0x00000000ebe80000,0x00000000ebe80000,0x00000000ee180000)
  to   space 52736K, 0% used [0x00000000e8b00000,0x00000000e8b00000,0x00000000ebe80000)
 ParOldGen       total 99328K, used 95636K [0x0000000080000000, 0x0000000086100000, 0x00000000d5580000)
  object space 99328K, 96% used [0x0000000080000000,0x0000000085d653f8,0x0000000086100000)
 Metaspace       used 82884K, capacity 86990K, committed 88856K, reserved 1126400K
  class space    used 11223K, capacity 12024K, committed 12584K, reserved 1048576K
}

