# JRE version: OpenJDK Runtime Environment (8.0_242-b01) (build 1.8.0_242-release-1644-b01)
# Java VM: OpenJDK 64-Bit Server VM (25.242-b01 mixed mode windows-amd64 compressed oops)
Heap:
 PSYoungGen      total 260608K, used 33405K [0x00000000d5580000, 0x00000000e8800000, 0x0000000100000000)
  eden space 223232K, 4% used [0x00000000d5580000,0x00000000d5f74ba8,0x00000000e2f80000)
  from space 37376K, 62% used [0x00000000e6380000,0x00000000e7a2aa98,0x00000000e8800000)
  to   space 38912K, 0% used [0x00000000e2f80000,0x00000000e2f80000,0x00000000e5580000)
 ParOldGen       total 232960K, used 65364K [0x0000000080000000, 0x000000008e380000, 0x00000000d5580000)
  object space 232960K, 28% used [0x0000000080000000,0x0000000083fd52d8,0x000000008e380000)
 Metaspace       used 99655K, capacity 104422K, committed 105752K, reserved 1153024K
  class space    used 13083K, capacity 14059K, committed 14384K, reserved 1048576K
GC Heap History (10 events):
Event: 84.187 GC heap before
{Heap before GC invocations=20 (full 3):
 PSYoungGen      total 240128K, used 240123K [0x00000000d5580000, 0x00000000e7a00000, 0x0000000100000000)
  eden space 210944K, 100% used [0x00000000d5580000,0x00000000e2380000,0x00000000e2380000)
  from space 29184K, 99% used [0x00000000e4b80000,0x00000000e67fee40,0x00000000e6800000)
  to   space 40960K, 0% used [0x00000000e2380000,0x00000000e2380000,0x00000000e4b80000)
 ParOldGen       total 138240K, used 65050K [0x0000000080000000, 0x0000000088700000, 0x00000000d5580000)
  object space 138240K, 47% used [0x0000000080000000,0x0000000083f86b60,0x0000000088700000)
 Metaspace       used 88993K, capacity 94120K, committed 94232K, reserved 1130496K
  class space    used 11838K, capacity 12832K, committed 12848K, reserved 1048576K
Event: 84.208 GC heap after
Heap after GC invocations=20 (full 3):
 PSYoungGen      total 251904K, used 2850K [0x00000000d5580000, 0x00000000e8200000, 0x0000000100000000)
  eden space 210944K, 0% used [0x00000000d5580000,0x00000000d5580000,0x00000000e2380000)
  from space 40960K, 6% used [0x00000000e2380000,0x00000000e2648a00,0x00000000e4b80000)
  to   space 40448K, 0% used [0x00000000e5a80000,0x00000000e5a80000,0x00000000e8200000)
 ParOldGen       total 138240K, used 93667K [0x0000000080000000, 0x0000000088700000, 0x00000000d5580000)
  object space 138240K, 67% used [0x0000000080000000,0x0000000085b78d68,0x0000000088700000)
 Metaspace       used 88993K, capacity 94120K, committed 94232K, reserved 1130496K
  class space    used 11838K, capacity 12832K, committed 12848K, reserved 1048576K
}
Event: 139.025 GC heap before
{Heap before GC invocations=21 (full 3):
 PSYoungGen      total 251904K, used 176909K [0x00000000d5580000, 0x00000000e8200000, 0x0000000100000000)
  eden space 210944K, 82% used [0x00000000d5580000,0x00000000dff7aa18,0x00000000e2380000)
  from space 40960K, 6% used [0x00000000e2380000,0x00000000e2648a00,0x00000000e4b80000)
  to   space 40448K, 0% used [0x00000000e5a80000,0x00000000e5a80000,0x00000000e8200000)
 ParOldGen       total 138240K, used 93667K [0x0000000080000000, 0x0000000088700000, 0x00000000d5580000)
  object space 138240K, 67% used [0x0000000080000000,0x0000000085b78d68,0x0000000088700000)
 Metaspace       used 93064K, capacity 98516K, committed 98584K, reserved 1134592K
  class space    used 12326K, capacity 13350K, committed 13360K, reserved 1048576K
Event: 139.037 GC heap after
Heap after GC invocations=21 (full 3):
 PSYoungGen      total 257024K, used 9455K [0x00000000d5580000, 0x00000000e7b80000, 0x0000000100000000)
  eden space 223232K, 0% used [0x00000000d5580000,0x00000000d5580000,0x00000000e2f80000)
  from space 33792K, 27% used [0x00000000e5a80000,0x00000000e63bbf08,0x00000000e7b80000)
  to   space 38912K, 0% used [0x00000000e2f80000,0x00000000e2f80000,0x00000000e5580000)
 ParOldGen       total 138240K, used 93675K [0x0000000080000000, 0x0000000088700000, 0x00000000d5580000)
  object space 138240K, 67% used [0x0000000080000000,0x0000000085b7ad68,0x0000000088700000)
 Metaspace       used 93064K, capacity 98516K, committed 98584K, reserved 1134592K
  class space    used 12326K, capacity 13350K, committed 13360K, reserved 1048576K
}
Event: 139.037 GC heap before
{Heap before GC invocations=22 (full 4):
 PSYoungGen      total 257024K, used 9455K [0x00000000d5580000, 0x00000000e7b80000, 0x0000000100000000)
  eden space 223232K, 0% used [0x00000000d5580000,0x00000000d5580000,0x00000000e2f80000)
  from space 33792K, 27% used [0x00000000e5a80000,0x00000000e63bbf08,0x00000000e7b80000)
  to   space 38912K, 0% used [0x00000000e2f80000,0x00000000e2f80000,0x00000000e5580000)
 ParOldGen       total 138240K, used 93675K [0x0000000080000000, 0x0000000088700000, 0x00000000d5580000)
  object space 138240K, 67% used [0x0000000080000000,0x0000000085b7ad68,0x0000000088700000)
 Metaspace       used 93064K, capacity 98516K, committed 98584K, reserved 1134592K
  class space    used 12326K, capacity 13350K, committed 13360K, reserved 1048576K
Event: 139.189 GC heap after
Heap after GC invocations=22 (full 4):
 PSYoungGen      total 257024K, used 0K [0x00000000d5580000, 0x00000000e7b80000, 0x0000000100000000)
  eden space 223232K, 0% used [0x00000000d5580000,0x00000000d5580000,0x00000000e2f80000)
  from space 33792K, 0% used [0x00000000e5a80000,0x00000000e5a80000,0x00000000e7b80000)
  to   space 38912K, 0% used [0x00000000e2f80000,0x00000000e2f80000,0x00000000e5580000)
 ParOldGen       total 232960K, used 65348K [0x0000000080000000, 0x000000008e380000, 0x00000000d5580000)
  object space 232960K, 28% used [0x0000000080000000,0x0000000083fd12d8,0x000000008e380000)
 Metaspace       used 92501K, capacity 96896K, committed 98584K, reserved 1134592K
  class space    used 12143K, capacity 13028K, committed 13360K, reserved 1048576K
}
Event: 144.853 GC heap before
{Heap before GC invocations=23 (full 4):
 PSYoungGen      total 257024K, used 223232K [0x00000000d5580000, 0x00000000e7b80000, 0x0000000100000000)
  eden space 223232K, 100% used [0x00000000d5580000,0x00000000e2f80000,0x00000000e2f80000)
  from space 33792K, 0% used [0x00000000e5a80000,0x00000000e5a80000,0x00000000e7b80000)
  to   space 38912K, 0% used [0x00000000e2f80000,0x00000000e2f80000,0x00000000e5580000)
 ParOldGen       total 232960K, used 65348K [0x0000000080000000, 0x000000008e380000, 0x00000000d5580000)
  object space 232960K, 28% used [0x0000000080000000,0x0000000083fd12d8,0x000000008e380000)
 Metaspace       used 98039K, capacity 102550K, committed 104216K, reserved 1138688K
  class space    used 12842K, capacity 13813K, committed 14128K, reserved 1048576K
Event: 144.881 GC heap after
Heap after GC invocations=23 (full 4):
 PSYoungGen      total 262144K, used 15914K [0x00000000d5580000, 0x00000000e8800000, 0x0000000100000000)
  eden space 223232K, 0% used [0x00000000d5580000,0x00000000d5580000,0x00000000e2f80000)
  from space 38912K, 40% used [0x00000000e2f80000,0x00000000e3f0a828,0x00000000e5580000)
  to   space 37376K, 0% used [0x00000000e6380000,0x00000000e6380000,0x00000000e8800000)
 ParOldGen       total 232960K, used 65356K [0x0000000080000000, 0x000000008e380000, 0x00000000d5580000)
  object space 232960K, 28% used [0x0000000080000000,0x0000000083fd32d8,0x000000008e380000)
 Metaspace       used 98039K, capacity 102550K, committed 104216K, reserved 1138688K
  class space    used 12842K, capacity 13813K, committed 14128K, reserved 1048576K
}
Event: 145.611 GC heap before
{Heap before GC invocations=24 (full 4):
 PSYoungGen      total 262144K, used 122490K [0x00000000d5580000, 0x00000000e8800000, 0x0000000100000000)
  eden space 223232K, 47% used [0x00000000d5580000,0x00000000dbd94040,0x00000000e2f80000)
  from space 38912K, 40% used [0x00000000e2f80000,0x00000000e3f0a828,0x00000000e5580000)
  to   space 37376K, 0% used [0x00000000e6380000,0x00000000e6380000,0x00000000e8800000)
 ParOldGen       total 232960K, used 65356K [0x0000000080000000, 0x000000008e380000, 0x00000000d5580000)
  object space 232960K, 28% used [0x0000000080000000,0x0000000083fd32d8,0x000000008e380000)
 Metaspace       used 99246K, capacity 103926K, committed 105112K, reserved 1153024K
  class space    used 13024K, capacity 14021K, committed 14256K, reserved 1048576K
Event: 145.632 GC heap after
Heap after GC invocations=24 (full 4):
 PSYoungGen      total 260608K, used 23210K [0x00000000d5580000, 0x00000000e8800000, 0x0000000100000000)
  eden space 223232K, 0% used [0x00000000d5580000,0x00000000d5580000,0x00000000e2f80000)
  from space 37376K, 62% used [0x00000000e6380000,0x00000000e7a2aa98,0x00000000e8800000)
  to   space 38912K, 0% used [0x00000000e2f80000,0x00000000e2f80000,0x00000000e5580000)
 ParOldGen       total 232960K, used 65364K [0x0000000080000000, 0x000000008e380000, 0x00000000d5580000)
  object space 232960K, 28% used [0x0000000080000000,0x0000000083fd52d8,0x000000008e380000)
 Metaspace       used 99246K, capacity 103926K, committed 105112K, reserved 1153024K
  class space    used 13024K, capacity 14021K, committed 14256K, reserved 1048576K
}

