# JRE version: OpenJDK Runtime Environment (8.0_242-b01) (build 1.8.0_242-release-1644-b01)
# Java VM: OpenJDK 64-Bit Server VM (25.242-b01 mixed mode windows-amd64 compressed oops)
Heap:
 PSYoungGen      total 411136K, used 107472K [0x00000000d5580000, 0x00000000f2580000, 0x0000000100000000)
  eden space 380416K, 23% used [0x00000000d5580000,0x00000000dac0fec0,0x00000000ec900000)
  from space 30720K, 61% used [0x00000000ec900000,0x00000000edb64378,0x00000000ee700000)
  to   space 30720K, 0% used [0x00000000f0780000,0x00000000f0780000,0x00000000f2580000)
 ParOldGen       total 142336K, used 48373K [0x0000000080000000, 0x0000000088b00000, 0x00000000d5580000)
  object space 142336K, 33% used [0x0000000080000000,0x0000000082f3d418,0x0000000088b00000)
 Metaspace       used 106433K, capacity 112722K, committed 113048K, reserved 1146880K
  class space    used 13973K, capacity 15125K, committed 15280K, reserved 1048576K
GC Heap History (10 events):
Event: 847.789 GC heap before
{Heap before GC invocations=19 (full 3):
 PSYoungGen      total 339456K, used 320825K [0x00000000d5580000, 0x00000000ef580000, 0x0000000100000000)
  eden space 307712K, 100% used [0x00000000d5580000,0x00000000e8200000,0x00000000e8200000)
  from space 31744K, 41% used [0x00000000e8200000,0x00000000e8ece788,0x00000000ea100000)
  to   space 30208K, 0% used [0x00000000ed800000,0x00000000ed800000,0x00000000ef580000)
 ParOldGen       total 101888K, used 62450K [0x0000000080000000, 0x0000000086380000, 0x00000000d5580000)
  object space 101888K, 61% used [0x0000000080000000,0x0000000083cfcbb8,0x0000000086380000)
 Metaspace       used 89699K, capacity 95548K, committed 95640K, reserved 1132544K
  class space    used 12080K, capacity 13143K, committed 13232K, reserved 1048576K
Event: 847.804 GC heap after
Heap after GC invocations=19 (full 3):
 PSYoungGen      total 371200K, used 13211K [0x00000000d5580000, 0x00000000ee800000, 0x0000000100000000)
  eden space 354816K, 0% used [0x00000000d5580000,0x00000000d5580000,0x00000000eb000000)
  from space 16384K, 80% used [0x00000000ed800000,0x00000000ee4e6e68,0x00000000ee800000)
  to   space 28672K, 0% used [0x00000000eb000000,0x00000000eb000000,0x00000000ecc00000)
 ParOldGen       total 101888K, used 62458K [0x0000000080000000, 0x0000000086380000, 0x00000000d5580000)
  object space 101888K, 61% used [0x0000000080000000,0x0000000083cfebb8,0x0000000086380000)
 Metaspace       used 89699K, capacity 95548K, committed 95640K, reserved 1132544K
  class space    used 12080K, capacity 13143K, committed 13232K, reserved 1048576K
}
Event: 2091.983 GC heap before
{Heap before GC invocations=20 (full 3):
 PSYoungGen      total 371200K, used 337616K [0x00000000d5580000, 0x00000000ee800000, 0x0000000100000000)
  eden space 354816K, 91% used [0x00000000d5580000,0x00000000e924d490,0x00000000eb000000)
  from space 16384K, 80% used [0x00000000ed800000,0x00000000ee4e6e68,0x00000000ee800000)
  to   space 28672K, 0% used [0x00000000eb000000,0x00000000eb000000,0x00000000ecc00000)
 ParOldGen       total 101888K, used 62458K [0x0000000080000000, 0x0000000086380000, 0x00000000d5580000)
  object space 101888K, 61% used [0x0000000080000000,0x0000000083cfebb8,0x0000000086380000)
 Metaspace       used 91967K, capacity 98458K, committed 98584K, reserved 1134592K
  class space    used 12362K, capacity 13499K, committed 13616K, reserved 1048576K
Event: 2091.996 GC heap after
Heap after GC invocations=20 (full 3):
 PSYoungGen      total 383488K, used 13945K [0x00000000d5580000, 0x00000000f0180000, 0x0000000100000000)
  eden space 354816K, 0% used [0x00000000d5580000,0x00000000d5580000,0x00000000eb000000)
  from space 28672K, 48% used [0x00000000eb000000,0x00000000ebd9e698,0x00000000ecc00000)
  to   space 27136K, 0% used [0x00000000ee700000,0x00000000ee700000,0x00000000f0180000)
 ParOldGen       total 101888K, used 62466K [0x0000000080000000, 0x0000000086380000, 0x00000000d5580000)
  object space 101888K, 61% used [0x0000000080000000,0x0000000083d00bb8,0x0000000086380000)
 Metaspace       used 91967K, capacity 98458K, committed 98584K, reserved 1134592K
  class space    used 12362K, capacity 13499K, committed 13616K, reserved 1048576K
}
Event: 2091.996 GC heap before
{Heap before GC invocations=21 (full 4):
 PSYoungGen      total 383488K, used 13945K [0x00000000d5580000, 0x00000000f0180000, 0x0000000100000000)
  eden space 354816K, 0% used [0x00000000d5580000,0x00000000d5580000,0x00000000eb000000)
  from space 28672K, 48% used [0x00000000eb000000,0x00000000ebd9e698,0x00000000ecc00000)
  to   space 27136K, 0% used [0x00000000ee700000,0x00000000ee700000,0x00000000f0180000)
 ParOldGen       total 101888K, used 62466K [0x0000000080000000, 0x0000000086380000, 0x00000000d5580000)
  object space 101888K, 61% used [0x0000000080000000,0x0000000083d00bb8,0x0000000086380000)
 Metaspace       used 91967K, capacity 98458K, committed 98584K, reserved 1134592K
  class space    used 12362K, capacity 13499K, committed 13616K, reserved 1048576K
Event: 2092.227 GC heap after
Heap after GC invocations=21 (full 4):
 PSYoungGen      total 383488K, used 0K [0x00000000d5580000, 0x00000000f0180000, 0x0000000100000000)
  eden space 354816K, 0% used [0x00000000d5580000,0x00000000d5580000,0x00000000eb000000)
  from space 28672K, 0% used [0x00000000eb000000,0x00000000eb000000,0x00000000ecc00000)
  to   space 27136K, 0% used [0x00000000ee700000,0x00000000ee700000,0x00000000f0180000)
 ParOldGen       total 142336K, used 48349K [0x0000000080000000, 0x0000000088b00000, 0x00000000d5580000)
  object space 142336K, 33% used [0x0000000080000000,0x0000000082f37418,0x0000000088b00000)
 Metaspace       used 91198K, capacity 96440K, committed 98584K, reserved 1134592K
  class space    used 12124K, capacity 13074K, committed 13616K, reserved 1048576K
}
Event: 2098.062 GC heap before
{Heap before GC invocations=22 (full 4):
 PSYoungGen      total 383488K, used 354816K [0x00000000d5580000, 0x00000000f0180000, 0x0000000100000000)
  eden space 354816K, 100% used [0x00000000d5580000,0x00000000eb000000,0x00000000eb000000)
  from space 28672K, 0% used [0x00000000eb000000,0x00000000eb000000,0x00000000ecc00000)
  to   space 27136K, 0% used [0x00000000ee700000,0x00000000ee700000,0x00000000f0180000)
 ParOldGen       total 142336K, used 48349K [0x0000000080000000, 0x0000000088b00000, 0x00000000d5580000)
  object space 142336K, 33% used [0x0000000080000000,0x0000000082f37418,0x0000000088b00000)
 Metaspace       used 103379K, capacity 109580K, committed 110360K, reserved 1144832K
  class space    used 13568K, capacity 14697K, committed 14896K, reserved 1048576K
Event: 2098.096 GC heap after
Heap after GC invocations=22 (full 4):
 PSYoungGen      total 407552K, used 26451K [0x00000000d5580000, 0x00000000f0c00000, 0x0000000100000000)
  eden space 380416K, 0% used [0x00000000d5580000,0x00000000d5580000,0x00000000ec900000)
  from space 27136K, 97% used [0x00000000ee700000,0x00000000f00d4f48,0x00000000f0180000)
  to   space 30720K, 0% used [0x00000000ec900000,0x00000000ec900000,0x00000000ee700000)
 ParOldGen       total 142336K, used 48365K [0x0000000080000000, 0x0000000088b00000, 0x00000000d5580000)
  object space 142336K, 33% used [0x0000000080000000,0x0000000082f3b418,0x0000000088b00000)
 Metaspace       used 103379K, capacity 109580K, committed 110360K, reserved 1144832K
  class space    used 13568K, capacity 14697K, committed 14896K, reserved 1048576K
}
Event: 2101.562 GC heap before
{Heap before GC invocations=23 (full 4):
 PSYoungGen      total 407552K, used 406867K [0x00000000d5580000, 0x00000000f0c00000, 0x0000000100000000)
  eden space 380416K, 100% used [0x00000000d5580000,0x00000000ec900000,0x00000000ec900000)
  from space 27136K, 97% used [0x00000000ee700000,0x00000000f00d4f48,0x00000000f0180000)
  to   space 30720K, 0% used [0x00000000ec900000,0x00000000ec900000,0x00000000ee700000)
 ParOldGen       total 142336K, used 48365K [0x0000000080000000, 0x0000000088b00000, 0x00000000d5580000)
  object space 142336K, 33% used [0x0000000080000000,0x0000000082f3b418,0x0000000088b00000)
 Metaspace       used 103530K, capacity 109680K, committed 110360K, reserved 1144832K
  class space    used 13579K, capacity 14713K, committed 14896K, reserved 1048576K
Event: 2101.586 GC heap after
Heap after GC invocations=23 (full 4):
 PSYoungGen      total 411136K, used 18832K [0x00000000d5580000, 0x00000000f2580000, 0x0000000100000000)
  eden space 380416K, 0% used [0x00000000d5580000,0x00000000d5580000,0x00000000ec900000)
  from space 30720K, 61% used [0x00000000ec900000,0x00000000edb64378,0x00000000ee700000)
  to   space 30720K, 0% used [0x00000000f0780000,0x00000000f0780000,0x00000000f2580000)
 ParOldGen       total 142336K, used 48373K [0x0000000080000000, 0x0000000088b00000, 0x00000000d5580000)
  object space 142336K, 33% used [0x0000000080000000,0x0000000082f3d418,0x0000000088b00000)
 Metaspace       used 103530K, capacity 109680K, committed 110360K, reserved 1144832K
  class space    used 13579K, capacity 14713K, committed 14896K, reserved 1048576K
}

