# JRE version: OpenJDK Runtime Environment (8.0_242-b01) (build 1.8.0_242-release-1644-b01)
# Java VM: OpenJDK 64-Bit Server VM (25.242-b01 mixed mode windows-amd64 compressed oops)
Heap:
 PSYoungGen      total 468992K, used 287160K [0x00000000d5580000, 0x00000000f6c00000, 0x0000000100000000)
  eden space 401920K, 66% used [0x00000000d5580000,0x00000000e5b2e440,0x00000000ede00000)
  from space 67072K, 28% used [0x00000000ede00000,0x00000000ef0bfd58,0x00000000f1f80000)
  to   space 42496K, 0% used [0x00000000f4280000,0x00000000f4280000,0x00000000f6c00000)
 ParOldGen       total 254464K, used 169313K [0x0000000080000000, 0x000000008f880000, 0x00000000d5580000)
  object space 254464K, 66% used [0x0000000080000000,0x000000008a558648,0x000000008f880000)
 Metaspace       used 98578K, capacity 104063K, committed 104216K, reserved 1138688K
  class space    used 13011K, capacity 14074K, committed 14128K, reserved 1048576K
GC Heap History (10 events):
Event: 48.720 GC heap before
{Heap before GC invocations=25 (full 4):
 PSYoungGen      total 464896K, used 420183K [0x00000000d5580000, 0x00000000f6100000, 0x0000000100000000)
  eden space 401920K, 100% used [0x00000000d5580000,0x00000000ede00000,0x00000000ede00000)
  from space 62976K, 29% used [0x00000000f2380000,0x00000000f3555fe8,0x00000000f6100000)
  to   space 67072K, 0% used [0x00000000ede00000,0x00000000ede00000,0x00000000f1f80000)
 ParOldGen       total 254464K, used 142864K [0x0000000080000000, 0x000000008f880000, 0x00000000d5580000)
  object space 254464K, 56% used [0x0000000080000000,0x0000000088b84368,0x000000008f880000)
 Metaspace       used 96767K, capacity 102011K, committed 102296K, reserved 1138688K
  class space    used 12795K, capacity 13842K, committed 14000K, reserved 1048576K
Event: 48.749 GC heap after
Heap after GC invocations=25 (full 4):
 PSYoungGen      total 468992K, used 20016K [0x00000000d5580000, 0x00000000f6100000, 0x0000000100000000)
  eden space 401920K, 0% used [0x00000000d5580000,0x00000000d5580000,0x00000000ede00000)
  from space 67072K, 29% used [0x00000000ede00000,0x00000000ef18c0c0,0x00000000f1f80000)
  to   space 62976K, 0% used [0x00000000f2380000,0x00000000f2380000,0x00000000f6100000)
 ParOldGen       total 254464K, used 145968K [0x0000000080000000, 0x000000008f880000, 0x00000000d5580000)
  object space 254464K, 57% used [0x0000000080000000,0x0000000088e8c068,0x000000008f880000)
 Metaspace       used 96767K, capacity 102011K, committed 102296K, reserved 1138688K
  class space    used 12795K, capacity 13842K, committed 14000K, reserved 1048576K
}
Event: 49.353 GC heap before
{Heap before GC invocations=26 (full 4):
 PSYoungGen      total 468992K, used 421936K [0x00000000d5580000, 0x00000000f6100000, 0x0000000100000000)
  eden space 401920K, 100% used [0x00000000d5580000,0x00000000ede00000,0x00000000ede00000)
  from space 67072K, 29% used [0x00000000ede00000,0x00000000ef18c0c0,0x00000000f1f80000)
  to   space 62976K, 0% used [0x00000000f2380000,0x00000000f2380000,0x00000000f6100000)
 ParOldGen       total 254464K, used 145968K [0x0000000080000000, 0x000000008f880000, 0x00000000d5580000)
  object space 254464K, 57% used [0x0000000080000000,0x0000000088e8c068,0x000000008f880000)
 Metaspace       used 96985K, capacity 102279K, committed 102808K, reserved 1138688K
  class space    used 12799K, capacity 13844K, committed 14000K, reserved 1048576K
Event: 49.386 GC heap after
Heap after GC invocations=26 (full 4):
 PSYoungGen      total 464896K, used 19977K [0x00000000d5580000, 0x00000000f6100000, 0x0000000100000000)
  eden space 401920K, 0% used [0x00000000d5580000,0x00000000d5580000,0x00000000ede00000)
  from space 62976K, 31% used [0x00000000f2380000,0x00000000f37026e8,0x00000000f6100000)
  to   space 67072K, 0% used [0x00000000ede00000,0x00000000ede00000,0x00000000f1f80000)
 ParOldGen       total 254464K, used 153435K [0x0000000080000000, 0x000000008f880000, 0x00000000d5580000)
  object space 254464K, 60% used [0x0000000080000000,0x00000000895d6e48,0x000000008f880000)
 Metaspace       used 96985K, capacity 102279K, committed 102808K, reserved 1138688K
  class space    used 12799K, capacity 13844K, committed 14000K, reserved 1048576K
}
Event: 50.345 GC heap before
{Heap before GC invocations=27 (full 4):
 PSYoungGen      total 464896K, used 421897K [0x00000000d5580000, 0x00000000f6100000, 0x0000000100000000)
  eden space 401920K, 100% used [0x00000000d5580000,0x00000000ede00000,0x00000000ede00000)
  from space 62976K, 31% used [0x00000000f2380000,0x00000000f37026e8,0x00000000f6100000)
  to   space 67072K, 0% used [0x00000000ede00000,0x00000000ede00000,0x00000000f1f80000)
 ParOldGen       total 254464K, used 153435K [0x0000000080000000, 0x000000008f880000, 0x00000000d5580000)
  object space 254464K, 60% used [0x0000000080000000,0x00000000895d6e48,0x000000008f880000)
 Metaspace       used 98294K, capacity 103689K, committed 103960K, reserved 1138688K
  class space    used 12978K, capacity 14023K, committed 14128K, reserved 1048576K
Event: 50.367 GC heap after
Heap after GC invocations=27 (full 4):
 PSYoungGen      total 468992K, used 16137K [0x00000000d5580000, 0x00000000f6100000, 0x0000000100000000)
  eden space 401920K, 0% used [0x00000000d5580000,0x00000000d5580000,0x00000000ede00000)
  from space 67072K, 24% used [0x00000000ede00000,0x00000000eedc27a0,0x00000000f1f80000)
  to   space 62976K, 0% used [0x00000000f2380000,0x00000000f2380000,0x00000000f6100000)
 ParOldGen       total 254464K, used 161846K [0x0000000080000000, 0x000000008f880000, 0x00000000d5580000)
  object space 254464K, 63% used [0x0000000080000000,0x0000000089e0db78,0x000000008f880000)
 Metaspace       used 98294K, capacity 103689K, committed 103960K, reserved 1138688K
  class space    used 12978K, capacity 14023K, committed 14128K, reserved 1048576K
}
Event: 51.262 GC heap before
{Heap before GC invocations=28 (full 4):
 PSYoungGen      total 468992K, used 418057K [0x00000000d5580000, 0x00000000f6100000, 0x0000000100000000)
  eden space 401920K, 100% used [0x00000000d5580000,0x00000000ede00000,0x00000000ede00000)
  from space 67072K, 24% used [0x00000000ede00000,0x00000000eedc27a0,0x00000000f1f80000)
  to   space 62976K, 0% used [0x00000000f2380000,0x00000000f2380000,0x00000000f6100000)
 ParOldGen       total 254464K, used 161846K [0x0000000080000000, 0x000000008f880000, 0x00000000d5580000)
  object space 254464K, 63% used [0x0000000080000000,0x0000000089e0db78,0x000000008f880000)
 Metaspace       used 98393K, capacity 103767K, committed 103960K, reserved 1138688K
  class space    used 12979K, capacity 14024K, committed 14128K, reserved 1048576K
Event: 51.289 GC heap after
Heap after GC invocations=28 (full 4):
 PSYoungGen      total 464896K, used 19768K [0x00000000d5580000, 0x00000000f6100000, 0x0000000100000000)
  eden space 401920K, 0% used [0x00000000d5580000,0x00000000d5580000,0x00000000ede00000)
  from space 62976K, 31% used [0x00000000f2380000,0x00000000f36ce1d0,0x00000000f6100000)
  to   space 67072K, 0% used [0x00000000ede00000,0x00000000ede00000,0x00000000f1f80000)
 ParOldGen       total 254464K, used 164890K [0x0000000080000000, 0x000000008f880000, 0x00000000d5580000)
  object space 254464K, 64% used [0x0000000080000000,0x000000008a106b20,0x000000008f880000)
 Metaspace       used 98393K, capacity 103767K, committed 103960K, reserved 1138688K
  class space    used 12979K, capacity 14024K, committed 14128K, reserved 1048576K
}
Event: 52.216 GC heap before
{Heap before GC invocations=29 (full 4):
 PSYoungGen      total 464896K, used 421688K [0x00000000d5580000, 0x00000000f6100000, 0x0000000100000000)
  eden space 401920K, 100% used [0x00000000d5580000,0x00000000ede00000,0x00000000ede00000)
  from space 62976K, 31% used [0x00000000f2380000,0x00000000f36ce1d0,0x00000000f6100000)
  to   space 67072K, 0% used [0x00000000ede00000,0x00000000ede00000,0x00000000f1f80000)
 ParOldGen       total 254464K, used 164890K [0x0000000080000000, 0x000000008f880000, 0x00000000d5580000)
  object space 254464K, 64% used [0x0000000080000000,0x000000008a106b20,0x000000008f880000)
 Metaspace       used 98522K, capacity 103957K, committed 104216K, reserved 1138688K
  class space    used 13002K, capacity 14039K, committed 14128K, reserved 1048576K
Event: 52.244 GC heap after
Heap after GC invocations=29 (full 4):
 PSYoungGen      total 468992K, used 19199K [0x00000000d5580000, 0x00000000f6c00000, 0x0000000100000000)
  eden space 401920K, 0% used [0x00000000d5580000,0x00000000d5580000,0x00000000ede00000)
  from space 67072K, 28% used [0x00000000ede00000,0x00000000ef0bfd58,0x00000000f1f80000)
  to   space 42496K, 0% used [0x00000000f4280000,0x00000000f4280000,0x00000000f6c00000)
 ParOldGen       total 254464K, used 169313K [0x0000000080000000, 0x000000008f880000, 0x00000000d5580000)
  object space 254464K, 66% used [0x0000000080000000,0x000000008a558648,0x000000008f880000)
 Metaspace       used 98522K, capacity 103957K, committed 104216K, reserved 1138688K
  class space    used 13002K, capacity 14039K, committed 14128K, reserved 1048576K
}

