# JRE version: OpenJDK Runtime Environment (8.0_242-b01) (build 1.8.0_242-release-1644-b01)
# Java VM: OpenJDK 64-Bit Server VM (25.242-b01 mixed mode windows-amd64 compressed oops)
Heap:
 PSYoungGen      total 429568K, used 43158K [0x00000000d5580000, 0x00000000f6a00000, 0x0000000100000000)
  eden space 375296K, 3% used [0x00000000d5580000,0x00000000d611a968,0x00000000ec400000)
  from space 54272K, 57% used [0x00000000f3500000,0x00000000f538ae98,0x00000000f6a00000)
  to   space 57344K, 0% used [0x00000000ec400000,0x00000000ec400000,0x00000000efc00000)
 ParOldGen       total 272896K, used 124994K [0x0000000080000000, 0x0000000090a80000, 0x00000000d5580000)
  object space 272896K, 45% used [0x0000000080000000,0x0000000087a10b70,0x0000000090a80000)
 Metaspace       used 81810K, capacity 85510K, committed 87896K, reserved 1124352K
  class space    used 10987K, capacity 11768K, committed 12416K, reserved 1048576K
GC Heap History (10 events):
Event: 14.631 GC heap before
{Heap before GC invocations=18 (full 3):
 PSYoungGen      total 356352K, used 337266K [0x00000000d5580000, 0x00000000ef580000, 0x0000000100000000)
  eden space 297472K, 100% used [0x00000000d5580000,0x00000000e7800000,0x00000000e7800000)
  from space 58880K, 67% used [0x00000000eb400000,0x00000000edadca70,0x00000000eed80000)
  to   space 61440K, 0% used [0x00000000e7800000,0x00000000e7800000,0x00000000eb400000)
 ParOldGen       total 137728K, used 107033K [0x0000000080000000, 0x0000000088680000, 0x00000000d5580000)
  object space 137728K, 77% used [0x0000000080000000,0x00000000868867b8,0x0000000088680000)
 Metaspace       used 81734K, capacity 86866K, committed 87000K, reserved 1124352K
  class space    used 11243K, capacity 12232K, committed 12288K, reserved 1048576K
Event: 14.671 GC heap after
Heap after GC invocations=18 (full 3):
 PSYoungGen      total 358912K, used 22715K [0x00000000d5580000, 0x00000000f4000000, 0x0000000100000000)
  eden space 297472K, 0% used [0x00000000d5580000,0x00000000d5580000,0x00000000e7800000)
  from space 61440K, 36% used [0x00000000e7800000,0x00000000e8e2ec70,0x00000000eb400000)
  to   space 57856K, 0% used [0x00000000f0780000,0x00000000f0780000,0x00000000f4000000)
 ParOldGen       total 137728K, used 129732K [0x0000000080000000, 0x0000000088680000, 0x00000000d5580000)
  object space 137728K, 94% used [0x0000000080000000,0x0000000087eb12b8,0x0000000088680000)
 Metaspace       used 81734K, capacity 86866K, committed 87000K, reserved 1124352K
  class space    used 11243K, capacity 12232K, committed 12288K, reserved 1048576K
}
Event: 14.671 GC heap before
{Heap before GC invocations=19 (full 4):
 PSYoungGen      total 358912K, used 22715K [0x00000000d5580000, 0x00000000f4000000, 0x0000000100000000)
  eden space 297472K, 0% used [0x00000000d5580000,0x00000000d5580000,0x00000000e7800000)
  from space 61440K, 36% used [0x00000000e7800000,0x00000000e8e2ec70,0x00000000eb400000)
  to   space 57856K, 0% used [0x00000000f0780000,0x00000000f0780000,0x00000000f4000000)
 ParOldGen       total 137728K, used 129732K [0x0000000080000000, 0x0000000088680000, 0x00000000d5580000)
  object space 137728K, 94% used [0x0000000080000000,0x0000000087eb12b8,0x0000000088680000)
 Metaspace       used 81734K, capacity 86866K, committed 87000K, reserved 1124352K
  class space    used 11243K, capacity 12232K, committed 12288K, reserved 1048576K
Event: 15.087 GC heap after
Heap after GC invocations=19 (full 4):
 PSYoungGen      total 358912K, used 0K [0x00000000d5580000, 0x00000000f4000000, 0x0000000100000000)
  eden space 297472K, 0% used [0x00000000d5580000,0x00000000d5580000,0x00000000e7800000)
  from space 61440K, 0% used [0x00000000e7800000,0x00000000e7800000,0x00000000eb400000)
  to   space 57856K, 0% used [0x00000000f0780000,0x00000000f0780000,0x00000000f4000000)
 ParOldGen       total 272896K, used 124978K [0x0000000080000000, 0x0000000090a80000, 0x00000000d5580000)
  object space 272896K, 45% used [0x0000000080000000,0x0000000087a0cb70,0x0000000090a80000)
 Metaspace       used 80839K, capacity 84448K, committed 87000K, reserved 1124352K
  class space    used 10938K, capacity 11691K, committed 12288K, reserved 1048576K
}
Event: 15.782 GC heap before
{Heap before GC invocations=20 (full 4):
 PSYoungGen      total 358912K, used 297472K [0x00000000d5580000, 0x00000000f4000000, 0x0000000100000000)
  eden space 297472K, 100% used [0x00000000d5580000,0x00000000e7800000,0x00000000e7800000)
  from space 61440K, 0% used [0x00000000e7800000,0x00000000e7800000,0x00000000eb400000)
  to   space 57856K, 0% used [0x00000000f0780000,0x00000000f0780000,0x00000000f4000000)
 ParOldGen       total 272896K, used 124978K [0x0000000080000000, 0x0000000090a80000, 0x00000000d5580000)
  object space 272896K, 45% used [0x0000000080000000,0x0000000087a0cb70,0x0000000090a80000)
 Metaspace       used 81107K, capacity 84742K, committed 87256K, reserved 1124352K
  class space    used 10942K, capacity 11692K, committed 12288K, reserved 1048576K
Event: 15.796 GC heap after
Heap after GC invocations=20 (full 4):
 PSYoungGen      total 420864K, used 6763K [0x00000000d5580000, 0x00000000f3400000, 0x0000000100000000)
  eden space 375296K, 0% used [0x00000000d5580000,0x00000000d5580000,0x00000000ec400000)
  from space 45568K, 14% used [0x00000000f0780000,0x00000000f0e1adf0,0x00000000f3400000)
  to   space 57344K, 0% used [0x00000000ec400000,0x00000000ec400000,0x00000000efc00000)
 ParOldGen       total 272896K, used 124978K [0x0000000080000000, 0x0000000090a80000, 0x00000000d5580000)
  object space 272896K, 45% used [0x0000000080000000,0x0000000087a0cb70,0x0000000090a80000)
 Metaspace       used 81107K, capacity 84742K, committed 87256K, reserved 1124352K
  class space    used 10942K, capacity 11692K, committed 12288K, reserved 1048576K
}
Event: 16.720 GC heap before
{Heap before GC invocations=21 (full 4):
 PSYoungGen      total 420864K, used 382059K [0x00000000d5580000, 0x00000000f3400000, 0x0000000100000000)
  eden space 375296K, 100% used [0x00000000d5580000,0x00000000ec400000,0x00000000ec400000)
  from space 45568K, 14% used [0x00000000f0780000,0x00000000f0e1adf0,0x00000000f3400000)
  to   space 57344K, 0% used [0x00000000ec400000,0x00000000ec400000,0x00000000efc00000)
 ParOldGen       total 272896K, used 124978K [0x0000000080000000, 0x0000000090a80000, 0x00000000d5580000)
  object space 272896K, 45% used [0x0000000080000000,0x0000000087a0cb70,0x0000000090a80000)
 Metaspace       used 81431K, capacity 85130K, committed 87512K, reserved 1124352K
  class space    used 10947K, capacity 11698K, committed 12288K, reserved 1048576K
Event: 16.742 GC heap after
Heap after GC invocations=21 (full 4):
 PSYoungGen      total 432640K, used 20587K [0x00000000d5580000, 0x00000000f6a00000, 0x0000000100000000)
  eden space 375296K, 0% used [0x00000000d5580000,0x00000000d5580000,0x00000000ec400000)
  from space 57344K, 35% used [0x00000000ec400000,0x00000000ed81ac30,0x00000000efc00000)
  to   space 54272K, 0% used [0x00000000f3500000,0x00000000f3500000,0x00000000f6a00000)
 ParOldGen       total 272896K, used 124986K [0x0000000080000000, 0x0000000090a80000, 0x00000000d5580000)
  object space 272896K, 45% used [0x0000000080000000,0x0000000087a0eb70,0x0000000090a80000)
 Metaspace       used 81431K, capacity 85130K, committed 87512K, reserved 1124352K
  class space    used 10947K, capacity 11698K, committed 12288K, reserved 1048576K
}
Event: 17.378 GC heap before
{Heap before GC invocations=22 (full 4):
 PSYoungGen      total 432640K, used 395883K [0x00000000d5580000, 0x00000000f6a00000, 0x0000000100000000)
  eden space 375296K, 100% used [0x00000000d5580000,0x00000000ec400000,0x00000000ec400000)
  from space 57344K, 35% used [0x00000000ec400000,0x00000000ed81ac30,0x00000000efc00000)
  to   space 54272K, 0% used [0x00000000f3500000,0x00000000f3500000,0x00000000f6a00000)
 ParOldGen       total 272896K, used 124986K [0x0000000080000000, 0x0000000090a80000, 0x00000000d5580000)
  object space 272896K, 45% used [0x0000000080000000,0x0000000087a0eb70,0x0000000090a80000)
 Metaspace       used 81810K, capacity 85510K, committed 87896K, reserved 1124352K
  class space    used 10987K, capacity 11768K, committed 12416K, reserved 1048576K
Event: 17.431 GC heap after
Heap after GC invocations=22 (full 4):
 PSYoungGen      total 429568K, used 31275K [0x00000000d5580000, 0x00000000f6a00000, 0x0000000100000000)
  eden space 375296K, 0% used [0x00000000d5580000,0x00000000d5580000,0x00000000ec400000)
  from space 54272K, 57% used [0x00000000f3500000,0x00000000f538ae98,0x00000000f6a00000)
  to   space 57344K, 0% used [0x00000000ec400000,0x00000000ec400000,0x00000000efc00000)
 ParOldGen       total 272896K, used 124994K [0x0000000080000000, 0x0000000090a80000, 0x00000000d5580000)
  object space 272896K, 45% used [0x0000000080000000,0x0000000087a10b70,0x0000000090a80000)
 Metaspace       used 81810K, capacity 85510K, committed 87896K, reserved 1124352K
  class space    used 10987K, capacity 11768K, committed 12416K, reserved 1048576K
}

