# JRE version: OpenJDK Runtime Environment (8.0_242-b01) (build 1.8.0_242-release-1644-b01)
# Java VM: OpenJDK 64-Bit Server VM (25.242-b01 mixed mode windows-amd64 compressed oops)
Heap:
 PSYoungGen      total 522240K, used 184188K [0x00000000d5580000, 0x00000000fe100000, 0x0000000100000000)
  eden space 468992K, 39% used [0x00000000d5580000,0x00000000e095f038,0x00000000f1f80000)
  from space 53248K, 0% used [0x00000000f1f80000,0x00000000f1f80000,0x00000000f5380000)
  to   space 50688K, 0% used [0x00000000faf80000,0x00000000faf80000,0x00000000fe100000)
 ParOldGen       total 171520K, used 63492K [0x0000000080000000, 0x000000008a780000, 0x00000000d5580000)
  object space 171520K, 37% used [0x0000000080000000,0x0000000083e010a8,0x000000008a780000)
 Metaspace       used 106349K, capacity 110844K, committed 112552K, reserved 1146880K
  class space    used 13697K, capacity 14565K, committed 15016K, reserved 1048576K
GC Heap History (10 events):
Event: 43.175 GC heap before
{Heap before GC invocations=20 (full 4):
 PSYoungGen      total 431616K, used 6813K [0x00000000d5580000, 0x00000000f3700000, 0x0000000100000000)
  eden space 398336K, 0% used [0x00000000d5580000,0x00000000d5580000,0x00000000eda80000)
  from space 33280K, 20% used [0x00000000efa80000,0x00000000f01276c0,0x00000000f1b00000)
  to   space 32768K, 0% used [0x00000000eda80000,0x00000000eda80000,0x00000000efa80000)
 ParOldGen       total 95744K, used 83841K [0x0000000080000000, 0x0000000085d80000, 0x00000000d5580000)
  object space 95744K, 87% used [0x0000000080000000,0x00000000851e0690,0x0000000085d80000)
 Metaspace       used 93668K, capacity 98566K, committed 98600K, reserved 1134592K
  class space    used 12569K, capacity 13468K, committed 13480K, reserved 1048576K
Event: 43.383 GC heap after
Heap after GC invocations=20 (full 4):
 PSYoungGen      total 431616K, used 0K [0x00000000d5580000, 0x00000000f3700000, 0x0000000100000000)
  eden space 398336K, 0% used [0x00000000d5580000,0x00000000d5580000,0x00000000eda80000)
  from space 33280K, 0% used [0x00000000efa80000,0x00000000efa80000,0x00000000f1b00000)
  to   space 32768K, 0% used [0x00000000eda80000,0x00000000eda80000,0x00000000efa80000)
 ParOldGen       total 159744K, used 75817K [0x0000000080000000, 0x0000000089c00000, 0x00000000d5580000)
  object space 159744K, 47% used [0x0000000080000000,0x0000000084a0a590,0x0000000089c00000)
 Metaspace       used 92891K, capacity 96402K, committed 98600K, reserved 1134592K
  class space    used 12310K, capacity 13008K, committed 13480K, reserved 1048576K
}
Event: 45.743 GC heap before
{Heap before GC invocations=21 (full 4):
 PSYoungGen      total 431616K, used 398193K [0x00000000d5580000, 0x00000000f3700000, 0x0000000100000000)
  eden space 398336K, 99% used [0x00000000d5580000,0x00000000eda5c638,0x00000000eda80000)
  from space 33280K, 0% used [0x00000000efa80000,0x00000000efa80000,0x00000000f1b00000)
  to   space 32768K, 0% used [0x00000000eda80000,0x00000000eda80000,0x00000000efa80000)
 ParOldGen       total 159744K, used 75817K [0x0000000080000000, 0x0000000089c00000, 0x00000000d5580000)
  object space 159744K, 47% used [0x0000000080000000,0x0000000084a0a590,0x0000000089c00000)
 Metaspace       used 97774K, capacity 102430K, committed 102824K, reserved 1138688K
  class space    used 13030K, capacity 13906K, committed 13992K, reserved 1048576K
Event: 45.766 GC heap after
Heap after GC invocations=21 (full 4):
 PSYoungGen      total 431104K, used 15101K [0x00000000d5580000, 0x00000000f7280000, 0x0000000100000000)
  eden space 398336K, 0% used [0x00000000d5580000,0x00000000d5580000,0x00000000eda80000)
  from space 32768K, 46% used [0x00000000eda80000,0x00000000ee93f460,0x00000000efa80000)
  to   space 31744K, 0% used [0x00000000f5380000,0x00000000f5380000,0x00000000f7280000)
 ParOldGen       total 159744K, used 75825K [0x0000000080000000, 0x0000000089c00000, 0x00000000d5580000)
  object space 159744K, 47% used [0x0000000080000000,0x0000000084a0c590,0x0000000089c00000)
 Metaspace       used 97774K, capacity 102430K, committed 102824K, reserved 1138688K
  class space    used 13030K, capacity 13906K, committed 13992K, reserved 1048576K
}
Event: 48.125 GC heap before
{Heap before GC invocations=22 (full 4):
 PSYoungGen      total 431104K, used 413437K [0x00000000d5580000, 0x00000000f7280000, 0x0000000100000000)
  eden space 398336K, 100% used [0x00000000d5580000,0x00000000eda80000,0x00000000eda80000)
  from space 32768K, 46% used [0x00000000eda80000,0x00000000ee93f460,0x00000000efa80000)
  to   space 31744K, 0% used [0x00000000f5380000,0x00000000f5380000,0x00000000f7280000)
 ParOldGen       total 159744K, used 75825K [0x0000000080000000, 0x0000000089c00000, 0x00000000d5580000)
  object space 159744K, 47% used [0x0000000080000000,0x0000000084a0c590,0x0000000089c00000)
 Metaspace       used 99160K, capacity 103900K, committed 104232K, reserved 1138688K
  class space    used 13096K, capacity 13965K, committed 14120K, reserved 1048576K
Event: 48.196 GC heap after
Heap after GC invocations=22 (full 4):
 PSYoungGen      total 500736K, used 31738K [0x00000000d5580000, 0x00000000f9e00000, 0x0000000100000000)
  eden space 468992K, 0% used [0x00000000d5580000,0x00000000d5580000,0x00000000f1f80000)
  from space 31744K, 99% used [0x00000000f5380000,0x00000000f727e828,0x00000000f7280000)
  to   space 53248K, 0% used [0x00000000f1f80000,0x00000000f1f80000,0x00000000f5380000)
 ParOldGen       total 159744K, used 120699K [0x0000000080000000, 0x0000000089c00000, 0x00000000d5580000)
  object space 159744K, 75% used [0x0000000080000000,0x00000000875def90,0x0000000089c00000)
 Metaspace       used 99160K, capacity 103900K, committed 104232K, reserved 1138688K
  class space    used 13096K, capacity 13965K, committed 14120K, reserved 1048576K
}
Event: 2868.416 GC heap before
{Heap before GC invocations=23 (full 4):
 PSYoungGen      total 500736K, used 500730K [0x00000000d5580000, 0x00000000f9e00000, 0x0000000100000000)
  eden space 468992K, 100% used [0x00000000d5580000,0x00000000f1f80000,0x00000000f1f80000)
  from space 31744K, 99% used [0x00000000f5380000,0x00000000f727e828,0x00000000f7280000)
  to   space 53248K, 0% used [0x00000000f1f80000,0x00000000f1f80000,0x00000000f5380000)
 ParOldGen       total 159744K, used 120699K [0x0000000080000000, 0x0000000089c00000, 0x00000000d5580000)
  object space 159744K, 75% used [0x0000000080000000,0x00000000875def90,0x0000000089c00000)
 Metaspace       used 106837K, capacity 111998K, committed 112296K, reserved 1146880K
  class space    used 13884K, capacity 14904K, committed 15016K, reserved 1048576K
Event: 2868.462 GC heap after
Heap after GC invocations=23 (full 4):
 PSYoungGen      total 522240K, used 21095K [0x00000000d5580000, 0x00000000fe100000, 0x0000000100000000)
  eden space 468992K, 0% used [0x00000000d5580000,0x00000000d5580000,0x00000000f1f80000)
  from space 53248K, 39% used [0x00000000f1f80000,0x00000000f3419e20,0x00000000f5380000)
  to   space 50688K, 0% used [0x00000000faf80000,0x00000000faf80000,0x00000000fe100000)
 ParOldGen       total 159744K, used 133180K [0x0000000080000000, 0x0000000089c00000, 0x00000000d5580000)
  object space 159744K, 83% used [0x0000000080000000,0x000000008820f268,0x0000000089c00000)
 Metaspace       used 106837K, capacity 111998K, committed 112296K, reserved 1146880K
  class space    used 13884K, capacity 14904K, committed 15016K, reserved 1048576K
}
Event: 2868.462 GC heap before
{Heap before GC invocations=24 (full 5):
 PSYoungGen      total 522240K, used 21095K [0x00000000d5580000, 0x00000000fe100000, 0x0000000100000000)
  eden space 468992K, 0% used [0x00000000d5580000,0x00000000d5580000,0x00000000f1f80000)
  from space 53248K, 39% used [0x00000000f1f80000,0x00000000f3419e20,0x00000000f5380000)
  to   space 50688K, 0% used [0x00000000faf80000,0x00000000faf80000,0x00000000fe100000)
 ParOldGen       total 159744K, used 133180K [0x0000000080000000, 0x0000000089c00000, 0x00000000d5580000)
  object space 159744K, 83% used [0x0000000080000000,0x000000008820f268,0x0000000089c00000)
 Metaspace       used 106837K, capacity 111998K, committed 112296K, reserved 1146880K
  class space    used 13884K, capacity 14904K, committed 15016K, reserved 1048576K
Event: 2868.674 GC heap after
Heap after GC invocations=24 (full 5):
 PSYoungGen      total 522240K, used 0K [0x00000000d5580000, 0x00000000fe100000, 0x0000000100000000)
  eden space 468992K, 0% used [0x00000000d5580000,0x00000000d5580000,0x00000000f1f80000)
  from space 53248K, 0% used [0x00000000f1f80000,0x00000000f1f80000,0x00000000f5380000)
  to   space 50688K, 0% used [0x00000000faf80000,0x00000000faf80000,0x00000000fe100000)
 ParOldGen       total 171520K, used 63492K [0x0000000080000000, 0x000000008a780000, 0x00000000d5580000)
  object space 171520K, 37% used [0x0000000080000000,0x0000000083e010a8,0x000000008a780000)
 Metaspace       used 105527K, capacity 109544K, committed 112296K, reserved 1146880K
  class space    used 13615K, capacity 14419K, committed 15016K, reserved 1048576K
}

